3588  openat(AT_FDCWD, "/etc/ld.so.cache", O_RDONLY|O_CLOEXEC) = 3
3588  close(3)                          = 0
3588  openat(AT_FDCWD, "/lib/x86_64-linux-gnu/libc.so.6", O_RDONLY|O_CLOEXEC) = 3
3588  read(3, "\177ELF\2\1\1\3\0\0\0\0\0\0\0\0\3\0>\0\1\0\0\0p\236\2\0\0\0\0\0"..., 832) = 832
3588  close(3)                          = 0
3588  openat(AT_FDCWD, "/proc/2261/maps", O_RDONLY) = 3
3588  read(3, "55c6507d1000-55c6507e8000 r--p 0"..., 1024) = 1024
3588  read(3, "h/5.9/zsh/computil.so\n7f368e1850"..., 1024) = 1024
3588  read(3, "0 r--s 00000000 08:01 1061721   "..., 1024) = 1024
3588  read(3, "8e515000-7f368e516000 r-xp 00001"..., 1024) = 1024
3588  read(3, "         /usr/lib/x86_64-linux-g"..., 1024) = 1024
3588  read(3, "gnu/zsh/5.9/zsh/parameter.so\n7f3"..., 1024) = 1024
3588  read(3, "00 r--p 00000000 08:01 812239   "..., 1024) = 1024
3588  read(3, "lib/x86_64-linux-gnu/zsh/5.9/zsh"..., 1024) = 1024
3588  read(3, "        /usr/lib/x86_64-linux-gn"..., 1024) = 1024
3588  read(3, "lib/x86_64-linux-gnu/libcap.so.2"..., 1024) = 1024
3588  read(3, "08:01 812264                    "..., 1024) = 1024
3588  read(3, "08:01 437023                    "..., 1024) = 210
3588  read(3, "", 1024)                 = 0
3588  close(3)                          = 0
3588  +++ exited with 0 +++
