3578  openat(AT_FDCWD, "/etc/ld.so.cache", O_RDONLY|O_CLOEXEC) = 3
3578  close(3)                          = 0
3578  openat(AT_FDCWD, "/lib/x86_64-linux-gnu/libc.so.6", O_RDONLY|O_CLOEXEC) = 3
3578  read(3, "\177ELF\2\1\1\3\0\0\0\0\0\0\0\0\3\0>\0\1\0\0\0p\236\2\0\0\0\0\0"..., 832) = 832
3578  close(3)                          = 0
3578  openat(AT_FDCWD, "/proc", O_RDONLY|O_NONBLOCK|O_CLOEXEC|O_DIRECTORY) = 3
3578  openat(AT_FDCWD, "/proc/1/comm", O_RDONLY) = 4
3578  read(4, "systemd\n", 1024)        = 8
3578  close(4)                          = 0
3578  openat(AT_FDCWD, "/proc/1/stat", O_RDONLY) = 4
3578  read(4, "1 (systemd) S 0 1 1 0 -1 4194560"..., 1024) = 188
3578  close(4)                          = 0
3578  openat(AT_FDCWD, "/proc/2/comm", O_RDONLY) = 4
3578  read(4, "kthreadd\n", 1024)       = 9
3578  close(4)                          = 0
3578  openat(AT_FDCWD, "/proc/2/stat", O_RDONLY) = 4
3578  read(4, "2 (kthreadd) S 0 0 0 0 -1 212998"..., 1024) = 151
3578  close(4)                          = 0
3578  openat(AT_FDCWD, "/proc/3/comm", O_RDONLY) = 4
3578  read(4, "pool_workqueue_release\n", 1024) = 23
3578  close(4)                          = 0
3578  openat(AT_FDCWD, "/proc/3/stat", O_RDONLY) = 4
3578  read(4, "3 (pool_workqueue_release) S 2 0"..., 1024) = 166
3578  close(4)                          = 0
3578  openat(AT_FDCWD, "/proc/4/comm", O_RDONLY) = 4
3578  read(4, "kworker/R-rcu_gp\n", 1024) = 17
3578  close(4)                          = 0
3578  openat(AT_FDCWD, "/proc/4/stat", O_RDONLY) = 4
3578  read(4, "4 (kworker/R-rcu_gp) I 2 0 0 0 -"..., 1024) = 162
3578  close(4)                          = 0
3578  openat(AT_FDCWD, "/proc/5/comm", O_RDONLY) = 4
3578  read(4, "kworker/R-sync_wq\n", 1024) = 18
3578  close(4)                          = 0
3578  openat(AT_FDCWD, "/proc/5/stat", O_RDONLY) = 4
3578  read(4, "5 (kworker/R-sync_wq) I 2 0 0 0 "..., 1024) = 163
3578  close(4)                          = 0
3578  openat(AT_FDCWD, "/proc/6/comm", O_RDONLY) = 4
3578  read(4, "kworker/R-kvfree_rcu_reclaim\n", 1024) = 29
3578  close(4)                          = 0
3578  openat(AT_FDCWD, "/proc/6/stat", O_RDONLY) = 4
3578  read(4, "6 (kworker/R-kvfree_rcu_reclaim)"..., 1024) = 174
3578  close(4)                          = 0
3578  openat(AT_FDCWD, "/proc/7/comm", O_RDONLY) = 4
3578  read(4, "kworker/R-slub_flushwq\n", 1024) = 23
3578  close(4)                          = 0
3578  openat(AT_FDCWD, "/proc/7/stat", O_RDONLY) = 4
3578  read(4, "7 (kworker/R-slub_flushwq) I 2 0"..., 1024) = 168
3578  close(4)                          = 0
3578  openat(AT_FDCWD, "/proc/8/comm", O_RDONLY) = 4
3578  read(4, "kworker/R-netns\n", 1024) = 16
3578  close(4)                          = 0
3578  openat(AT_FDCWD, "/proc/8/stat", O_RDONLY) = 4
3578  read(4, "8 (kworker/R-netns) I 2 0 0 0 -1"..., 1024) = 161
3578  close(4)                          = 0
3578  openat(AT_FDCWD, "/proc/12/comm", O_RDONLY) = 4
3578  read(4, "kworker/u8:0-ipv6_addrconf\n", 1024) = 27
3578  close(4)                          = 0
3578  openat(AT_FDCWD, "/proc/12/stat", O_RDONLY) = 4
3578  read(4, "12 (kworker/u8:0-ipv6_addrconf) "..., 1024) = 172
3578  close(4)                          = 0
3578  openat(AT_FDCWD, "/proc/13/comm", O_RDONLY) = 4
3578  read(4, "kworker/R-mm_percpu_wq\n", 1024) = 23
3578  close(4)                          = 0
3578  openat(AT_FDCWD, "/proc/13/stat", O_RDONLY) = 4
3578  read(4, "13 (kworker/R-mm_percpu_wq) I 2 "..., 1024) = 169
3578  close(4)                          = 0
3578  openat(AT_FDCWD, "/proc/14/comm", O_RDONLY) = 4
3578  read(4, "ksoftirqd/0\n", 1024)    = 12
3578  close(4)                          = 0
3578  openat(AT_FDCWD, "/proc/14/stat", O_RDONLY) = 4
3578  read(4, "14 (ksoftirqd/0) S 2 0 0 0 -1 69"..., 1024) = 158
3578  close(4)                          = 0
3578  openat(AT_FDCWD, "/proc/15/comm", O_RDONLY) = 4
3578  read(4, "rcu_preempt\n", 1024)    = 12
3578  close(4)                          = 0
3578  openat(AT_FDCWD, "/proc/15/stat", O_RDONLY) = 4
3578  read(4, "15 (rcu_preempt) I 2 0 0 0 -1 21"..., 1024) = 157
3578  close(4)                          = 0
3578  openat(AT_FDCWD, "/proc/16/comm", O_RDONLY) = 4
3578  read(4, "rcu_exp_par_gp_kthread_worker/0\n", 1024) = 32
3578  close(4)                          = 0
3578  openat(AT_FDCWD, "/proc/16/stat", O_RDONLY) = 4
3578  read(4, "16 (rcu_exp_par_gp_kthread_worke"..., 1024) = 176
3578  close(4)                          = 0
3578  openat(AT_FDCWD, "/proc/17/comm", O_RDONLY) = 4
3578  read(4, "rcu_exp_gp_kthread_worker\n", 1024) = 26
3578  close(4)                          = 0
3578  openat(AT_FDCWD, "/proc/17/stat", O_RDONLY) = 4
3578  read(4, "17 (rcu_exp_gp_kthread_worker) S"..., 1024) = 171
3578  close(4)                          = 0
3578  openat(AT_FDCWD, "/proc/18/comm", O_RDONLY) = 4
3578  read(4, "migration/0\n", 1024)    = 12
3578  close(4)                          = 0
3578  openat(AT_FDCWD, "/proc/18/stat", O_RDONLY) = 4
3578  read(4, "18 (migration/0) S 2 0 0 0 -1 69"..., 1024) = 160
3578  close(4)                          = 0
3578  openat(AT_FDCWD, "/proc/19/comm", O_RDONLY) = 4
3578  read(4, "idle_inject/0\n", 1024)  = 14
3578  close(4)                          = 0
3578  openat(AT_FDCWD, "/proc/19/stat", O_RDONLY) = 4
3578  read(4, "19 (idle_inject/0) S 2 0 0 0 -1 "..., 1024) = 161
3578  close(4)                          = 0
3578  openat(AT_FDCWD, "/proc/20/comm", O_RDONLY) = 4
3578  read(4, "cpuhp/0\n", 1024)        = 8
3578  close(4)                          = 0
3578  openat(AT_FDCWD, "/proc/20/stat", O_RDONLY) = 4
3578  read(4, "20 (cpuhp/0) S 2 0 0 0 -1 692388"..., 1024) = 153
3578  close(4)                          = 0
3578  openat(AT_FDCWD, "/proc/21/comm", O_RDONLY) = 4
3578  read(4, "cpuhp/1\n", 1024)        = 8
3578  close(4)                          = 0
3578  openat(AT_FDCWD, "/proc/21/stat", O_RDONLY) = 4
3578  read(4, "21 (cpuhp/1) S 2 0 0 0 -1 692388"..., 1024) = 153
3578  close(4)                          = 0
3578  openat(AT_FDCWD, "/proc/22/comm", O_RDONLY) = 4
3578  read(4, "idle_inject/1\n", 1024)  = 14
3578  close(4)                          = 0
3578  openat(AT_FDCWD, "/proc/22/stat", O_RDONLY) = 4
3578  read(4, "22 (idle_inject/1) S 2 0 0 0 -1 "..., 1024) = 161
3578  close(4)                          = 0
3578  openat(AT_FDCWD, "/proc/23/comm", O_RDONLY) = 4
3578  read(4, "migration/1\n", 1024)    = 12
3578  close(4)                          = 0
3578  openat(AT_FDCWD, "/proc/23/stat", O_RDONLY) = 4
3578  read(4, "23 (migration/1) S 2 0 0 0 -1 69"..., 1024) = 163
3578  close(4)                          = 0
3578  openat(AT_FDCWD, "/proc/24/comm", O_RDONLY) = 4
3578  read(4, "ksoftirqd/1\n", 1024)    = 12
3578  close(4)                          = 0
3578  openat(AT_FDCWD, "/proc/24/stat", O_RDONLY) = 4
3578  read(4, "24 (ksoftirqd/1) S 2 0 0 0 -1 69"..., 1024) = 159
3578  close(4)                          = 0
3578  openat(AT_FDCWD, "/proc/26/comm", O_RDONLY) = 4
3578  read(4, "kworker/1:0H-events_highpri\n", 1024) = 28
3578  close(4)                          = 0
3578  openat(AT_FDCWD, "/proc/26/stat", O_RDONLY) = 4
3578  read(4, "26 (kworker/1:0H-events_highpri)"..., 1024) = 174
3578  close(4)                          = 0
3578  openat(AT_FDCWD, "/proc/28/comm", O_RDONLY) = 4
3578  read(4, "kworker/u10:0-ext4-rsv-conversio"..., 1024) = 34
3578  close(4)                          = 0
3578  openat(AT_FDCWD, "/proc/28/stat", O_RDONLY) = 4
3578  read(4, "28 (kworker/u10:0-ext4-rsv-conve"..., 1024) = 186
3578  close(4)                          = 0
3578  openat(AT_FDCWD, "/proc/31/comm", O_RDONLY) = 4
3578  read(4, "kdevtmpfs\n", 1024)      = 10
3578  close(4)                          = 0
3578  openat(AT_FDCWD, "/proc/31/stat", O_RDONLY) = 4
3578  read(4, "31 (kdevtmpfs) S 2 0 0 0 -1 2130"..., 1024) = 154
3578  close(4)                          = 0
3578  openat(AT_FDCWD, "/proc/32/comm", O_RDONLY) = 4
3578  read(4, "kworker/R-inet_frag_wq\n", 1024) = 23
3578  close(4)                          = 0
3578  openat(AT_FDCWD, "/proc/32/stat", O_RDONLY) = 4
3578  read(4, "32 (kworker/R-inet_frag_wq) I 2 "..., 1024) = 169
3578  close(4)                          = 0
3578  openat(AT_FDCWD, "/proc/33/comm", O_RDONLY) = 4
3578  read(4, "rcu_tasks_kthread\n", 1024) = 18
3578  close(4)                          = 0
3578  openat(AT_FDCWD, "/proc/33/stat", O_RDONLY) = 4
3578  read(4, "33 (rcu_tasks_kthread) I 2 0 0 0"..., 1024) = 162
3578  close(4)                          = 0
3578  openat(AT_FDCWD, "/proc/34/comm", O_RDONLY) = 4
3578  read(4, "rcu_tasks_rude_kthread\n", 1024) = 23
3578  close(4)                          = 0
3578  openat(AT_FDCWD, "/proc/34/stat", O_RDONLY) = 4
3578  read(4, "34 (rcu_tasks_rude_kthread) I 2 "..., 1024) = 167
3578  close(4)                          = 0
3578  openat(AT_FDCWD, "/proc/35/comm", O_RDONLY) = 4
3578  read(4, "rcu_tasks_trace_kthread\n", 1024) = 24
3578  close(4)                          = 0
3578  openat(AT_FDCWD, "/proc/35/stat", O_RDONLY) = 4
3578  read(4, "35 (rcu_tasks_trace_kthread) I 2"..., 1024) = 168
3578  close(4)                          = 0
3578  openat(AT_FDCWD, "/proc/36/comm", O_RDONLY) = 4
3578  read(4, "kauditd\n", 1024)        = 8
3578  close(4)                          = 0
3578  openat(AT_FDCWD, "/proc/36/stat", O_RDONLY) = 4
3578  read(4, "36 (kauditd) S 2 0 0 0 -1 209721"..., 1024) = 152
3578  close(4)                          = 0
3578  openat(AT_FDCWD, "/proc/37/comm", O_RDONLY) = 4
3578  read(4, "khungtaskd\n", 1024)     = 11
3578  close(4)                          = 0
3578  openat(AT_FDCWD, "/proc/37/stat", O_RDONLY) = 4
3578  read(4, "37 (khungtaskd) S 2 0 0 0 -1 212"..., 1024) = 155
3578  close(4)                          = 0
3578  openat(AT_FDCWD, "/proc/38/comm", O_RDONLY) = 4
3578  read(4, "oom_reaper\n", 1024)     = 11
3578  close(4)                          = 0
3578  openat(AT_FDCWD, "/proc/38/stat", O_RDONLY) = 4
3578  read(4, "38 (oom_reaper) S 2 0 0 0 -1 209"..., 1024) = 155
3578  close(4)                          = 0
3578  openat(AT_FDCWD, "/proc/39/comm", O_RDONLY) = 4
3578  read(4, "kworker/u9:2-flush-8:0\n", 1024) = 23
3578  close(4)                          = 0
3578  openat(AT_FDCWD, "/proc/39/stat", O_RDONLY) = 4
3578  read(4, "39 (kworker/u9:2-flush-8:0) I 2 "..., 1024) = 171
3578  close(4)                          = 0
3578  openat(AT_FDCWD, "/proc/40/comm", O_RDONLY) = 4
3578  read(4, "kworker/R-writeback\n", 1024) = 20
3578  close(4)                          = 0
3578  openat(AT_FDCWD, "/proc/40/stat", O_RDONLY) = 4
3578  read(4, "40 (kworker/R-writeback) I 2 0 0"..., 1024) = 166
3578  close(4)                          = 0
3578  openat(AT_FDCWD, "/proc/41/comm", O_RDONLY) = 4
3578  read(4, "kcompactd0\n", 1024)     = 11
3578  close(4)                          = 0
3578  openat(AT_FDCWD, "/proc/41/stat", O_RDONLY) = 4
3578  read(4, "41 (kcompactd0) S 2 0 0 0 -1 216"..., 1024) = 156
3578  close(4)                          = 0
3578  openat(AT_FDCWD, "/proc/42/comm", O_RDONLY) = 4
3578  read(4, "ksmd\n", 1024)           = 5
3578  close(4)                          = 0
3578  openat(AT_FDCWD, "/proc/42/stat", O_RDONLY) = 4
3578  read(4, "42 (ksmd) S 2 0 0 0 -1 2097216 0"..., 1024) = 149
3578  close(4)                          = 0
3578  openat(AT_FDCWD, "/proc/43/comm", O_RDONLY) = 4
3578  read(4, "khugepaged\n", 1024)     = 11
3578  close(4)                          = 0
3578  openat(AT_FDCWD, "/proc/43/stat", O_RDONLY) = 4
3578  read(4, "43 (khugepaged) S 2 0 0 0 -1 209"..., 1024) = 158
3578  close(4)                          = 0
3578  openat(AT_FDCWD, "/proc/44/comm", O_RDONLY) = 4
3578  read(4, "kworker/R-kblockd\n", 1024) = 18
3578  close(4)                          = 0
3578  openat(AT_FDCWD, "/proc/44/stat", O_RDONLY) = 4
3578  read(4, "44 (kworker/R-kblockd) I 2 0 0 0"..., 1024) = 164
3578  close(4)                          = 0
3578  openat(AT_FDCWD, "/proc/45/comm", O_RDONLY) = 4
3578  read(4, "kworker/R-blkcg_punt_bio\n", 1024) = 25
3578  close(4)                          = 0
3578  openat(AT_FDCWD, "/proc/45/stat", O_RDONLY) = 4
3578  read(4, "45 (kworker/R-blkcg_punt_bio) I "..., 1024) = 171
3578  close(4)                          = 0
3578  openat(AT_FDCWD, "/proc/46/comm", O_RDONLY) = 4
3578  read(4, "kworker/R-kintegrityd\n", 1024) = 22
3578  close(4)                          = 0
3578  openat(AT_FDCWD, "/proc/46/stat", O_RDONLY) = 4
3578  read(4, "46 (kworker/R-kintegrityd) I 2 0"..., 1024) = 168
3578  close(4)                          = 0
3578  openat(AT_FDCWD, "/proc/47/comm", O_RDONLY) = 4
3578  read(4, "irq/9-acpi\n", 1024)     = 11
3578  close(4)                          = 0
3578  openat(AT_FDCWD, "/proc/47/stat", O_RDONLY) = 4
3578  read(4, "47 (irq/9-acpi) S 2 0 0 0 -1 212"..., 1024) = 157
3578  close(4)                          = 0
3578  openat(AT_FDCWD, "/proc/48/comm", O_RDONLY) = 4
3578  read(4, "kworker/1:1-ata_sff\n", 1024) = 20
3578  close(4)                          = 0
3578  openat(AT_FDCWD, "/proc/48/stat", O_RDONLY) = 4
3578  read(4, "48 (kworker/1:1-ata_sff) I 2 0 0"..., 1024) = 166
3578  close(4)                          = 0
3578  openat(AT_FDCWD, "/proc/49/comm", O_RDONLY) = 4
3578  read(4, "kworker/R-tpm_dev_wq\n", 1024) = 21
3578  close(4)                          = 0
3578  openat(AT_FDCWD, "/proc/49/stat", O_RDONLY) = 4
3578  read(4, "49 (kworker/R-tpm_dev_wq) I 2 0 "..., 1024) = 167
3578  close(4)                          = 0
3578  openat(AT_FDCWD, "/proc/50/comm", O_RDONLY) = 4
3578  read(4, "kworker/R-edac-poller\n", 1024) = 22
3578  close(4)                          = 0
3578  openat(AT_FDCWD, "/proc/50/stat", O_RDONLY) = 4
3578  read(4, "50 (kworker/R-edac-poller) I 2 0"..., 1024) = 168
3578  close(4)                          = 0
3578  openat(AT_FDCWD, "/proc/51/comm", O_RDONLY) = 4
3578  read(4, "kworker/R-devfreq_wq\n", 1024) = 21
3578  close(4)                          = 0
3578  openat(AT_FDCWD, "/proc/51/stat", O_RDONLY) = 4
3578  read(4, "51 (kworker/R-devfreq_wq) I 2 0 "..., 1024) = 167
3578  close(4)                          = 0
3578  openat(AT_FDCWD, "/proc/52/comm", O_RDONLY) = 4
3578  read(4, "kworker/0:1H-kblockd\n", 1024) = 21
3578  close(4)                          = 0
3578  openat(AT_FDCWD, "/proc/52/stat", O_RDONLY) = 4
3578  read(4, "52 (kworker/0:1H-kblockd) I 2 0 "..., 1024) = 169
3578  close(4)                          = 0
3578  openat(AT_FDCWD, "/proc/54/comm", O_RDONLY) = 4
3578  read(4, "kswapd0\n", 1024)        = 8
3578  close(4)                          = 0
3578  openat(AT_FDCWD, "/proc/54/stat", O_RDONLY) = 4
3578  read(4, "54 (kswapd0) S 2 0 0 0 -1 223033"..., 1024) = 152
3578  close(4)                          = 0
3578  openat(AT_FDCWD, "/proc/62/comm", O_RDONLY) = 4
3578  read(4, "kworker/R-kthrotld\n", 1024) = 19
3578  close(4)                          = 0
3578  openat(AT_FDCWD, "/proc/62/stat", O_RDONLY) = 4
3578  read(4, "62 (kworker/R-kthrotld) I 2 0 0 "..., 1024) = 165
3578  close(4)                          = 0
3578  openat(AT_FDCWD, "/proc/64/comm", O_RDONLY) = 4
3578  read(4, "kworker/R-acpi_thermal_pm\n", 1024) = 26
3578  close(4)                          = 0
3578  openat(AT_FDCWD, "/proc/64/stat", O_RDONLY) = 4
3578  read(4, "64 (kworker/R-acpi_thermal_pm) I"..., 1024) = 172
3578  close(4)                          = 0
3578  openat(AT_FDCWD, "/proc/65/comm", O_RDONLY) = 4
3578  read(4, "kworker/R-mld\n", 1024)  = 14
3578  close(4)                          = 0
3578  openat(AT_FDCWD, "/proc/65/stat", O_RDONLY) = 4
3578  read(4, "65 (kworker/R-mld) I 2 0 0 0 -1 "..., 1024) = 160
3578  close(4)                          = 0
3578  openat(AT_FDCWD, "/proc/67/comm", O_RDONLY) = 4
3578  read(4, "kworker/1:1H-kblockd\n", 1024) = 21
3578  close(4)                          = 0
3578  openat(AT_FDCWD, "/proc/67/stat", O_RDONLY) = 4
3578  read(4, "67 (kworker/1:1H-kblockd) I 2 0 "..., 1024) = 168
3578  close(4)                          = 0
3578  openat(AT_FDCWD, "/proc/68/comm", O_RDONLY) = 4
3578  read(4, "kworker/R-ipv6_addrconf\n", 1024) = 24
3578  close(4)                          = 0
3578  openat(AT_FDCWD, "/proc/68/stat", O_RDONLY) = 4
3578  read(4, "68 (kworker/R-ipv6_addrconf) I 2"..., 1024) = 170
3578  close(4)                          = 0
3578  openat(AT_FDCWD, "/proc/69/comm", O_RDONLY) = 4
3578  read(4, "kworker/u8:1-ipv6_addrconf\n", 1024) = 27
3578  close(4)                          = 0
3578  openat(AT_FDCWD, "/proc/69/stat", O_RDONLY) = 4
3578  read(4, "69 (kworker/u8:1-ipv6_addrconf) "..., 1024) = 172
3578  close(4)                          = 0
3578  openat(AT_FDCWD, "/proc/74/comm", O_RDONLY) = 4
3578  read(4, "kworker/R-kstrp\n", 1024) = 16
3578  close(4)                          = 0
3578  openat(AT_FDCWD, "/proc/74/stat", O_RDONLY) = 4
3578  read(4, "74 (kworker/R-kstrp) I 2 0 0 0 -"..., 1024) = 162
3578  close(4)                          = 0
3578  openat(AT_FDCWD, "/proc/80/comm", O_RDONLY) = 4
3578  read(4, "kworker/u11:0\n", 1024)  = 14
3578  close(4)                          = 0
3578  openat(AT_FDCWD, "/proc/80/stat", O_RDONLY) = 4
3578  read(4, "80 (kworker/u11:0) I 2 0 0 0 -1 "..., 1024) = 160
3578  close(4)                          = 0
3578  openat(AT_FDCWD, "/proc/81/comm", O_RDONLY) = 4
3578  read(4, "kworker/u12:0-ttm\n", 1024) = 18
3578  close(4)                          = 0
3578  openat(AT_FDCWD, "/proc/81/stat", O_RDONLY) = 4
3578  read(4, "81 (kworker/u12:0-ttm) I 2 0 0 0"..., 1024) = 164
3578  close(4)                          = 0
3578  openat(AT_FDCWD, "/proc/82/comm", O_RDONLY) = 4
3578  read(4, "kworker/u13:0-ttm\n", 1024) = 18
3578  close(4)                          = 0
3578  openat(AT_FDCWD, "/proc/82/stat", O_RDONLY) = 4
3578  read(4, "82 (kworker/u13:0-ttm) I 2 0 0 0"..., 1024) = 164
3578  close(4)                          = 0
3578  openat(AT_FDCWD, "/proc/211/comm", O_RDONLY) = 4
3578  read(4, "kworker/1:2-events\n", 1024) = 19
3578  close(4)                          = 0
3578  openat(AT_FDCWD, "/proc/211/stat", O_RDONLY) = 4
3578  read(4, "211 (kworker/1:2-events) I 2 0 0"..., 1024) = 168
3578  close(4)                          = 0
3578  openat(AT_FDCWD, "/proc/223/comm", O_RDONLY) = 4
3578  read(4, "kworker/R-ata_sff\n", 1024) = 18
3578  close(4)                          = 0
3578  openat(AT_FDCWD, "/proc/223/stat", O_RDONLY) = 4
3578  read(4, "223 (kworker/R-ata_sff) I 2 0 0 "..., 1024) = 166
3578  close(4)                          = 0
3578  openat(AT_FDCWD, "/proc/225/comm", O_RDONLY) = 4
3578  read(4, "scsi_eh_0\n", 1024)      = 10
3578  close(4)                          = 0
3578  openat(AT_FDCWD, "/proc/225/stat", O_RDONLY) = 4
3578  read(4, "225 (scsi_eh_0) S 2 0 0 0 -1 212"..., 1024) = 156
3578  close(4)                          = 0
3578  openat(AT_FDCWD, "/proc/226/comm", O_RDONLY) = 4
3578  read(4, "kworker/R-scsi_tmf_0\n", 1024) = 21
3578  close(4)                          = 0
3578  openat(AT_FDCWD, "/proc/226/stat", O_RDONLY) = 4
3578  read(4, "226 (kworker/R-scsi_tmf_0) I 2 0"..., 1024) = 169
3578  close(4)                          = 0
3578  openat(AT_FDCWD, "/proc/227/comm", O_RDONLY) = 4
3578  read(4, "scsi_eh_1\n", 1024)      = 10
3578  close(4)                          = 0
3578  openat(AT_FDCWD, "/proc/227/stat", O_RDONLY) = 4
3578  read(4, "227 (scsi_eh_1) S 2 0 0 0 -1 212"..., 1024) = 156
3578  close(4)                          = 0
3578  openat(AT_FDCWD, "/proc/228/comm", O_RDONLY) = 4
3578  read(4, "kworker/R-scsi_tmf_1\n", 1024) = 21
3578  close(4)                          = 0
3578  openat(AT_FDCWD, "/proc/228/stat", O_RDONLY) = 4
3578  read(4, "228 (kworker/R-scsi_tmf_1) I 2 0"..., 1024) = 169
3578  close(4)                          = 0
3578  openat(AT_FDCWD, "/proc/229/comm", O_RDONLY) = 4
3578  read(4, "scsi_eh_2\n", 1024)      = 10
3578  close(4)                          = 0
3578  openat(AT_FDCWD, "/proc/229/stat", O_RDONLY) = 4
3578  read(4, "229 (scsi_eh_2) S 2 0 0 0 -1 212"..., 1024) = 156
3578  close(4)                          = 0
3578  openat(AT_FDCWD, "/proc/230/comm", O_RDONLY) = 4
3578  read(4, "kworker/R-scsi_tmf_2\n", 1024) = 21
3578  close(4)                          = 0
3578  openat(AT_FDCWD, "/proc/230/stat", O_RDONLY) = 4
3578  read(4, "230 (kworker/R-scsi_tmf_2) I 2 0"..., 1024) = 169
3578  close(4)                          = 0
3578  openat(AT_FDCWD, "/proc/235/comm", O_RDONLY) = 4
3578  read(4, "irq/18-vmwgfx\n", 1024)  = 14
3578  close(4)                          = 0
3578  openat(AT_FDCWD, "/proc/235/stat", O_RDONLY) = 4
3578  read(4, "235 (irq/18-vmwgfx) S 2 0 0 0 -1"..., 1024) = 162
3578  close(4)                          = 0
3578  openat(AT_FDCWD, "/proc/236/comm", O_RDONLY) = 4
3578  read(4, "kworker/R-ttm\n", 1024)  = 14
3578  close(4)                          = 0
3578  openat(AT_FDCWD, "/proc/236/stat", O_RDONLY) = 4
3578  read(4, "236 (kworker/R-ttm) I 2 0 0 0 -1"..., 1024) = 162
3578  close(4)                          = 0
3578  openat(AT_FDCWD, "/proc/275/comm", O_RDONLY) = 4
3578  read(4, "kworker/0:2H-kblockd\n", 1024) = 21
3578  close(4)                          = 0
3578  openat(AT_FDCWD, "/proc/275/stat", O_RDONLY) = 4
3578  read(4, "275 (kworker/0:2H-kblockd) I 2 0"..., 1024) = 171
3578  close(4)                          = 0
3578  openat(AT_FDCWD, "/proc/284/comm", O_RDONLY) = 4
3578  read(4, "jbd2/sda1-8\n", 1024)    = 12
3578  close(4)                          = 0
3578  openat(AT_FDCWD, "/proc/284/stat", O_RDONLY) = 4
3578  read(4, "284 (jbd2/sda1-8) S 2 0 0 0 -1 2"..., 1024) = 159
3578  close(4)                          = 0
3578  openat(AT_FDCWD, "/proc/285/comm", O_RDONLY) = 4
3578  read(4, "kworker/R-ext4-rsv-conversion\n", 1024) = 30
3578  close(4)                          = 0
3578  openat(AT_FDCWD, "/proc/285/stat", O_RDONLY) = 4
3578  read(4, "285 (kworker/R-ext4-rsv-conversi"..., 1024) = 178
3578  close(4)                          = 0
3578  openat(AT_FDCWD, "/proc/347/comm", O_RDONLY) = 4
3578  read(4, "systemd-journal\n", 1024) = 16
3578  close(4)                          = 0
3578  openat(AT_FDCWD, "/proc/347/stat", O_RDONLY) = 4
3578  read(4, "347 (systemd-journal) S 1 347 34"..., 1024) = 183
3578  close(4)                          = 0
3578  openat(AT_FDCWD, "/proc/382/comm", O_RDONLY) = 4
3578  read(4, "systemd-udevd\n", 1024)  = 14
3578  close(4)                          = 0
3578  openat(AT_FDCWD, "/proc/382/stat", O_RDONLY) = 4
3578  read(4, "382 (systemd-udevd) S 1 382 382 "..., 1024) = 187
3578  close(4)                          = 0
3578  openat(AT_FDCWD, "/proc/387/comm", O_RDONLY) = 4
3578  read(4, "psimon\n", 1024)         = 7
3578  close(4)                          = 0
3578  openat(AT_FDCWD, "/proc/387/stat", O_RDONLY) = 4
3578  read(4, "387 (psimon) S 2 0 0 0 -1 212998"..., 1024) = 153
3578  close(4)                          = 0
3578  openat(AT_FDCWD, "/proc/494/comm", O_RDONLY) = 4
3578  read(4, "haveged\n", 1024)        = 8
3578  close(4)                          = 0
3578  openat(AT_FDCWD, "/proc/494/stat", O_RDONLY) = 4
3578  read(4, "494 (haveged) S 1 494 494 0 -1 4"..., 1024) = 170
3578  close(4)                          = 0
3578  openat(AT_FDCWD, "/proc/503/comm", O_RDONLY) = 4
3578  read(4, "kworker/u10:3-events_unbound\n", 1024) = 29
3578  close(4)                          = 0
3578  openat(AT_FDCWD, "/proc/503/stat", O_RDONLY) = 4
3578  read(4, "503 (kworker/u10:3-events_unboun"..., 1024) = 177
3578  close(4)                          = 0
3578  openat(AT_FDCWD, "/proc/510/comm", O_RDONLY) = 4
3578  read(4, "accounts-daemon\n", 1024) = 16
3578  close(4)                          = 0
3578  openat(AT_FDCWD, "/proc/510/stat", O_RDONLY) = 4
3578  read(4, "510 (accounts-daemon) S 1 510 51"..., 1024) = 181
3578  close(4)                          = 0
3578  openat(AT_FDCWD, "/proc/511/comm", O_RDONLY) = 4
3578  read(4, "dbus-daemon\n", 1024)    = 12
3578  close(4)                          = 0
3578  openat(AT_FDCWD, "/proc/511/stat", O_RDONLY) = 4
3578  read(4, "511 (dbus-daemon) S 1 511 511 0 "..., 1024) = 178
3578  close(4)                          = 0
3578  openat(AT_FDCWD, "/proc/526/comm", O_RDONLY) = 4
3578  read(4, "systemd-logind\n", 1024) = 15
3578  close(4)                          = 0
3578  openat(AT_FDCWD, "/proc/526/stat", O_RDONLY) = 4
3578  read(4, "526 (systemd-logind) S 1 526 526"..., 1024) = 179
3578  close(4)                          = 0
3578  openat(AT_FDCWD, "/proc/575/comm", O_RDONLY) = 4
3578  read(4, "NetworkManager\n", 1024) = 15
3578  close(4)                          = 0
3578  openat(AT_FDCWD, "/proc/575/stat", O_RDONLY) = 4
3578  read(4, "575 (NetworkManager) S 1 575 575"..., 1024) = 180
3578  close(4)                          = 0
3578  openat(AT_FDCWD, "/proc/587/comm", O_RDONLY) = 4
3578  read(4, "kworker/R-rpciod\n", 1024) = 17
3578  close(4)                          = 0
3578  openat(AT_FDCWD, "/proc/587/stat", O_RDONLY) = 4
3578  read(4, "587 (kworker/R-rpciod) I 2 0 0 0"..., 1024) = 165
3578  close(4)                          = 0
3578  openat(AT_FDCWD, "/proc/588/comm", O_RDONLY) = 4
3578  read(4, "kworker/R-xprtiod\n", 1024) = 18
3578  close(4)                          = 0
3578  openat(AT_FDCWD, "/proc/588/stat", O_RDONLY) = 4
3578  read(4, "588 (kworker/R-xprtiod) I 2 0 0 "..., 1024) = 166
3578  close(4)                          = 0
3578  openat(AT_FDCWD, "/proc/591/comm", O_RDONLY) = 4
3578  read(4, "polkitd\n", 1024)        = 8
3578  close(4)                          = 0
3578  openat(AT_FDCWD, "/proc/591/stat", O_RDONLY) = 4
3578  read(4, "591 (polkitd) S 1 591 591 0 -1 4"..., 1024) = 172
3578  close(4)                          = 0
3578  openat(AT_FDCWD, "/proc/599/comm", O_RDONLY) = 4
3578  read(4, "cron\n", 1024)           = 5
3578  close(4)                          = 0
3578  openat(AT_FDCWD, "/proc/599/stat", O_RDONLY) = 4
3578  read(4, "599 (cron) S 1 599 599 0 -1 4194"..., 1024) = 166
3578  close(4)                          = 0
3578  openat(AT_FDCWD, "/proc/649/comm", O_RDONLY) = 4
3578  read(4, "VBoxService\n", 1024)    = 12
3578  close(4)                          = 0
3578  openat(AT_FDCWD, "/proc/649/stat", O_RDONLY) = 4
3578  read(4, "649 (VBoxService) S 1 648 648 0 "..., 1024) = 178
3578  close(4)                          = 0
3578  openat(AT_FDCWD, "/proc/750/comm", O_RDONLY) = 4
3578  read(4, "lightdm\n", 1024)        = 8
3578  close(4)                          = 0
3578  openat(AT_FDCWD, "/proc/750/stat", O_RDONLY) = 4
3578  read(4, "750 (lightdm) S 1 750 750 0 -1 4"..., 1024) = 181
3578  close(4)                          = 0
3578  openat(AT_FDCWD, "/proc/791/comm", O_RDONLY) = 4
3578  read(4, "Xorg\n", 1024)           = 5
3578  close(4)                          = 0
3578  openat(AT_FDCWD, "/proc/791/stat", O_RDONLY) = 4
3578  read(4, "791 (Xorg) S 750 791 791 1031 79"..., 1024) = 193
3578  close(4)                          = 0
3578  openat(AT_FDCWD, "/proc/792/comm", O_RDONLY) = 4
3578  read(4, "kworker/u12:1-ttm\n", 1024) = 18
3578  close(4)                          = 0
3578  openat(AT_FDCWD, "/proc/792/stat", O_RDONLY) = 4
3578  read(4, "792 (kworker/u12:1-ttm) I 2 0 0 "..., 1024) = 166
3578  close(4)                          = 0
3578  openat(AT_FDCWD, "/proc/801/comm", O_RDONLY) = 4
3578  read(4, "agetty\n", 1024)         = 7
3578  close(4)                          = 0
3578  openat(AT_FDCWD, "/proc/801/stat", O_RDONLY) = 4
3578  read(4, "801 (agetty) S 1 801 801 1025 80"..., 1024) = 163
3578  close(4)                          = 0
3578  openat(AT_FDCWD, "/proc/1123/comm", O_RDONLY) = 4
3578  read(4, "psimon\n", 1024)         = 7
3578  close(4)                          = 0
3578  openat(AT_FDCWD, "/proc/1123/stat", O_RDONLY) = 4
3578  read(4, "1123 (psimon) S 2 0 0 0 -1 21299"..., 1024) = 154
3578  close(4)                          = 0
3578  openat(AT_FDCWD, "/proc/1150/comm", O_RDONLY) = 4
3578  read(4, "rtkit-daemon\n", 1024)   = 13
3578  close(4)                          = 0
3578  openat(AT_FDCWD, "/proc/1150/stat", O_RDONLY) = 4
3578  read(4, "1150 (rtkit-daemon) S 1 1150 115"..., 1024) = 172
3578  close(4)                          = 0
3578  openat(AT_FDCWD, "/proc/1650/comm", O_RDONLY) = 4
3578  read(4, "lightdm\n", 1024)        = 8
3578  close(4)                          = 0
3578  openat(AT_FDCWD, "/proc/1650/stat", O_RDONLY) = 4
3578  read(4, "1650 (lightdm) S 750 750 750 0 -"..., 1024) = 176
3578  close(4)                          = 0
3578  openat(AT_FDCWD, "/proc/1673/comm", O_RDONLY) = 4
3578  read(4, "systemd\n", 1024)        = 8
3578  close(4)                          = 0
3578  openat(AT_FDCWD, "/proc/1673/stat", O_RDONLY) = 4
3578  read(4, "1673 (systemd) S 1 1673 1673 0 -"..., 1024) = 188
3578  close(4)                          = 0
3578  openat(AT_FDCWD, "/proc/1675/comm", O_RDONLY) = 4
3578  read(4, "(sd-pam)\n", 1024)       = 9
3578  close(4)                          = 0
3578  openat(AT_FDCWD, "/proc/1675/stat", O_RDONLY) = 4
3578  read(4, "1675 ((sd-pam)) S 1673 1673 1673"..., 1024) = 170
3578  close(4)                          = 0
3578  openat(AT_FDCWD, "/proc/1698/comm", O_RDONLY) = 4
3578  read(4, "dbus-daemon\n", 1024)    = 12
3578  close(4)                          = 0
3578  openat(AT_FDCWD, "/proc/1698/stat", O_RDONLY) = 4
3578  read(4, "1698 (dbus-daemon) S 1673 1698 1"..., 1024) = 316
3578  close(4)                          = 0
3578  openat(AT_FDCWD, "/proc/1699/comm", O_RDONLY) = 4
3578  read(4, "pipewire\n", 1024)       = 9
3578  close(4)                          = 0
3578  openat(AT_FDCWD, "/proc/1699/stat", O_RDONLY) = 4
3578  read(4, "1699 (pipewire) S 1673 1699 1699"..., 1024) = 313
3578  close(4)                          = 0
3578  openat(AT_FDCWD, "/proc/1701/comm", O_RDONLY) = 4
3578  read(4, "gnome-keyring-d\n", 1024) = 16
3578  close(4)                          = 0
3578  openat(AT_FDCWD, "/proc/1701/stat", O_RDONLY) = 4
3578  read(4, "1701 (gnome-keyring-d) S 1673 17"..., 1024) = 321
3578  close(4)                          = 0
3578  openat(AT_FDCWD, "/proc/1702/comm", O_RDONLY) = 4
3578  read(4, "mpris-proxy\n", 1024)    = 12
3578  close(4)                          = 0
3578  openat(AT_FDCWD, "/proc/1702/stat", O_RDONLY) = 4
3578  read(4, "1702 (mpris-proxy) S 1673 1702 1"..., 1024) = 312
3578  close(4)                          = 0
3578  openat(AT_FDCWD, "/proc/1703/comm", O_RDONLY) = 4
3578  read(4, "wireplumber\n", 1024)    = 12
3578  close(4)                          = 0
3578  openat(AT_FDCWD, "/proc/1703/stat", O_RDONLY) = 4
3578  read(4, "1703 (wireplumber) S 1673 1703 1"..., 1024) = 318
3578  close(4)                          = 0
3578  openat(AT_FDCWD, "/proc/1704/comm", O_RDONLY) = 4
3578  read(4, "pipewire\n", 1024)       = 9
3578  close(4)                          = 0
3578  openat(AT_FDCWD, "/proc/1704/stat", O_RDONLY) = 4
3578  read(4, "1704 (pipewire) S 1673 1704 1704"..., 1024) = 311
3578  close(4)                          = 0
3578  openat(AT_FDCWD, "/proc/1705/comm", O_RDONLY) = 4
3578  read(4, "pipewire-pulse\n", 1024) = 15
3578  close(4)                          = 0
3578  openat(AT_FDCWD, "/proc/1705/stat", O_RDONLY) = 4
3578  read(4, "1705 (pipewire-pulse) S 1673 170"..., 1024) = 319
3578  close(4)                          = 0
3578  openat(AT_FDCWD, "/proc/1718/comm", O_RDONLY) = 4
3578  read(4, "xfce4-session\n", 1024)  = 14
3578  close(4)                          = 0
3578  openat(AT_FDCWD, "/proc/1718/stat", O_RDONLY) = 4
3578  read(4, "1718 (xfce4-session) S 1650 1718"..., 1024) = 327
3578  close(4)                          = 0
3578  openat(AT_FDCWD, "/proc/1783/comm", O_RDONLY) = 4
3578  read(4, "VBoxClient\n", 1024)     = 11
3578  close(4)                          = 0
3578  openat(AT_FDCWD, "/proc/1783/stat", O_RDONLY) = 4
3578  read(4, "1783 (VBoxClient) S 1 1782 1782 "..., 1024) = 311
3578  close(4)                          = 0
3578  openat(AT_FDCWD, "/proc/1785/comm", O_RDONLY) = 4
3578  read(4, "VBoxClient\n", 1024)     = 11
3578  close(4)                          = 0
3578  openat(AT_FDCWD, "/proc/1785/stat", O_RDONLY) = 4
3578  read(4, "1785 (VBoxClient) S 1783 1782 17"..., 1024) = 315
3578  close(4)                          = 0
3578  openat(AT_FDCWD, "/proc/1792/comm", O_RDONLY) = 4
3578  read(4, "VBoxClient\n", 1024)     = 11
3578  close(4)                          = 0
3578  openat(AT_FDCWD, "/proc/1792/stat", O_RDONLY) = 4
3578  read(4, "1792 (VBoxClient) S 1 1790 1790 "..., 1024) = 311
3578  close(4)                          = 0
3578  openat(AT_FDCWD, "/proc/1793/comm", O_RDONLY) = 4
3578  read(4, "VBoxClient\n", 1024)     = 11
3578  close(4)                          = 0
3578  openat(AT_FDCWD, "/proc/1793/stat", O_RDONLY) = 4
3578  read(4, "1793 (VBoxClient) S 1792 1790 17"..., 1024) = 317
3578  close(4)                          = 0
3578  openat(AT_FDCWD, "/proc/1799/comm", O_RDONLY) = 4
3578  read(4, "VBoxClient\n", 1024)     = 11
3578  close(4)                          = 0
3578  openat(AT_FDCWD, "/proc/1799/stat", O_RDONLY) = 4
3578  read(4, "1799 (VBoxClient) S 1 1798 1798 "..., 1024) = 311
3578  close(4)                          = 0
3578  openat(AT_FDCWD, "/proc/1801/comm", O_RDONLY) = 4
3578  read(4, "VBoxClient\n", 1024)     = 11
3578  close(4)                          = 0
3578  openat(AT_FDCWD, "/proc/1801/stat", O_RDONLY) = 4
3578  read(4, "1801 (VBoxClient) S 1799 1798 17"..., 1024) = 318
3578  close(4)                          = 0
3578  openat(AT_FDCWD, "/proc/1832/comm", O_RDONLY) = 4
3578  read(4, "at-spi-bus-laun\n", 1024) = 16
3578  close(4)                          = 0
3578  openat(AT_FDCWD, "/proc/1832/stat", O_RDONLY) = 4
3578  read(4, "1832 (at-spi-bus-laun) S 1673 18"..., 1024) = 320
3578  close(4)                          = 0
3578  openat(AT_FDCWD, "/proc/1839/comm", O_RDONLY) = 4
3578  read(4, "dbus-daemon\n", 1024)    = 12
3578  close(4)                          = 0
3578  openat(AT_FDCWD, "/proc/1839/stat", O_RDONLY) = 4
3578  read(4, "1839 (dbus-daemon) S 1832 1832 1"..., 1024) = 315
3578  close(4)                          = 0
3578  openat(AT_FDCWD, "/proc/1849/comm", O_RDONLY) = 4
3578  read(4, "at-spi2-registr\n", 1024) = 16
3578  close(4)                          = 0
3578  openat(AT_FDCWD, "/proc/1849/stat", O_RDONLY) = 4
3578  read(4, "1849 (at-spi2-registr) S 1673 18"..., 1024) = 318
3578  close(4)                          = 0
3578  openat(AT_FDCWD, "/proc/1861/comm", O_RDONLY) = 4
3578  read(4, "VBoxClient\n", 1024)     = 11
3578  close(4)                          = 0
3578  openat(AT_FDCWD, "/proc/1861/stat", O_RDONLY) = 4
3578  read(4, "1861 (VBoxClient) S 1 1860 1860 "..., 1024) = 311
3578  close(4)                          = 0
3578  openat(AT_FDCWD, "/proc/1862/comm", O_RDONLY) = 4
3578  read(4, "VBoxClient\n", 1024)     = 11
3578  close(4)                          = 0
3578  openat(AT_FDCWD, "/proc/1862/stat", O_RDONLY) = 4
3578  read(4, "1862 (VBoxClient) S 1861 1860 18"..., 1024) = 316
3578  close(4)                          = 0
3578  openat(AT_FDCWD, "/proc/1863/comm", O_RDONLY) = 4
3578  read(4, "ssh-agent\n", 1024)      = 10
3578  close(4)                          = 0
3578  openat(AT_FDCWD, "/proc/1863/stat", O_RDONLY) = 4
3578  read(4, "1863 (ssh-agent) S 1 1863 1863 0"..., 1024) = 172
3578  close(4)                          = 0
3578  openat(AT_FDCWD, "/proc/1870/comm", O_RDONLY) = 4
3578  read(4, "kworker/u13:1-ttm\n", 1024) = 18
3578  close(4)                          = 0
3578  openat(AT_FDCWD, "/proc/1870/stat", O_RDONLY) = 4
3578  read(4, "1870 (kworker/u13:1-ttm) I 2 0 0"..., 1024) = 168
3578  close(4)                          = 0
3578  openat(AT_FDCWD, "/proc/1876/comm", O_RDONLY) = 4
3578  read(4, "gpg-agent\n", 1024)      = 10
3578  close(4)                          = 0
3578  openat(AT_FDCWD, "/proc/1876/stat", O_RDONLY) = 4
3578  read(4, "1876 (gpg-agent) S 1673 1876 187"..., 1024) = 178
3578  close(4)                          = 0
3578  openat(AT_FDCWD, "/proc/1879/comm", O_RDONLY) = 4
3578  read(4, "xfwm4\n", 1024)          = 6
3578  close(4)                          = 0
3578  openat(AT_FDCWD, "/proc/1879/stat", O_RDONLY) = 4
3578  read(4, "1879 (xfwm4) S 1718 1718 1718 0 "..., 1024) = 317
3578  close(4)                          = 0
3578  openat(AT_FDCWD, "/proc/1884/comm", O_RDONLY) = 4
3578  read(4, "gvfsd\n", 1024)          = 6
3578  close(4)                          = 0
3578  openat(AT_FDCWD, "/proc/1884/stat", O_RDONLY) = 4
3578  read(4, "1884 (gvfsd) S 1673 1884 1884 0 "..., 1024) = 310
3578  close(4)                          = 0
3578  openat(AT_FDCWD, "/proc/1890/comm", O_RDONLY) = 4
3578  read(4, "gvfsd-fuse\n", 1024)     = 11
3578  close(4)                          = 0
3578  openat(AT_FDCWD, "/proc/1890/stat", O_RDONLY) = 4
3578  read(4, "1890 (gvfsd-fuse) S 1673 1884 18"..., 1024) = 315
3578  close(4)                          = 0
3578  openat(AT_FDCWD, "/proc/1899/comm", O_RDONLY) = 4
3578  read(4, "xfsettingsd\n", 1024)    = 12
3578  close(4)                          = 0
3578  openat(AT_FDCWD, "/proc/1899/stat", O_RDONLY) = 4
3578  read(4, "1899 (xfsettingsd) S 1718 1718 1"..., 1024) = 318
3578  close(4)                          = 0
3578  openat(AT_FDCWD, "/proc/1905/comm", O_RDONLY) = 4
3578  read(4, "dconf-service\n", 1024)  = 14
3578  close(4)                          = 0
3578  openat(AT_FDCWD, "/proc/1905/stat", O_RDONLY) = 4
3578  read(4, "1905 (dconf-service) S 1673 1905"..., 1024) = 317
3578  close(4)                          = 0
3578  openat(AT_FDCWD, "/proc/1906/comm", O_RDONLY) = 4
3578  read(4, "xfce4-panel\n", 1024)    = 12
3578  close(4)                          = 0
3578  openat(AT_FDCWD, "/proc/1906/stat", O_RDONLY) = 4
3578  read(4, "1906 (xfce4-panel) S 1718 1718 1"..., 1024) = 323
3578  close(4)                          = 0
3578  openat(AT_FDCWD, "/proc/1915/comm", O_RDONLY) = 4
3578  read(4, "Thunar\n", 1024)         = 7
3578  close(4)                          = 0
3578  openat(AT_FDCWD, "/proc/1915/stat", O_RDONLY) = 4
3578  read(4, "1915 (Thunar) S 1718 1718 1718 0"..., 1024) = 314
3578  close(4)                          = 0
3578  openat(AT_FDCWD, "/proc/1922/comm", O_RDONLY) = 4
3578  read(4, "xfdesktop\n", 1024)      = 10
3578  close(4)                          = 0
3578  openat(AT_FDCWD, "/proc/1922/stat", O_RDONLY) = 4
3578  read(4, "1922 (xfdesktop) S 1718 1718 171"..., 1024) = 321
3578  close(4)                          = 0
3578  openat(AT_FDCWD, "/proc/1924/comm", O_RDONLY) = 4
3578  read(4, "wrapper-2.0\n", 1024)    = 12
3578  close(4)                          = 0
3578  openat(AT_FDCWD, "/proc/1924/stat", O_RDONLY) = 4
3578  read(4, "1924 (wrapper-2.0) S 1906 1718 1"..., 1024) = 315
3578  close(4)                          = 0
3578  openat(AT_FDCWD, "/proc/1934/comm", O_RDONLY) = 4
3578  read(4, "xiccd\n", 1024)          = 6
3578  close(4)                          = 0
3578  openat(AT_FDCWD, "/proc/1934/stat", O_RDONLY) = 4
3578  read(4, "1934 (xiccd) S 1718 1718 1718 0 "..., 1024) = 311
3578  close(4)                          = 0
3578  openat(AT_FDCWD, "/proc/1935/comm", O_RDONLY) = 4
3578  read(4, "xfce4-screensav\n", 1024) = 16
3578  close(4)                          = 0
3578  openat(AT_FDCWD, "/proc/1935/stat", O_RDONLY) = 4
3578  read(4, "1935 (xfce4-screensav) S 1718 17"..., 1024) = 327
3578  close(4)                          = 0
3578  openat(AT_FDCWD, "/proc/1936/comm", O_RDONLY) = 4
3578  read(4, "xcape\n", 1024)          = 6
3578  close(4)                          = 0
3578  openat(AT_FDCWD, "/proc/1936/stat", O_RDONLY) = 4
3578  read(4, "1936 (xcape) S 1 1936 1936 0 -1 "..., 1024) = 301
3578  close(4)                          = 0
3578  openat(AT_FDCWD, "/proc/1939/comm", O_RDONLY) = 4
3578  read(4, "nm-applet\n", 1024)      = 10
3578  close(4)                          = 0
3578  openat(AT_FDCWD, "/proc/1939/stat", O_RDONLY) = 4
3578  read(4, "1939 (nm-applet) S 1718 1718 171"..., 1024) = 313
3578  close(4)                          = 0
3578  openat(AT_FDCWD, "/proc/1940/comm", O_RDONLY) = 4
3578  read(4, "xfce4-power-man\n", 1024) = 16
3578  close(4)                          = 0
3578  openat(AT_FDCWD, "/proc/1940/stat", O_RDONLY) = 4
3578  read(4, "1940 (xfce4-power-man) S 1718 17"..., 1024) = 324
3578  close(4)                          = 0
3578  openat(AT_FDCWD, "/proc/1947/comm", O_RDONLY) = 4
3578  read(4, "colord\n", 1024)         = 7
3578  close(4)                          = 0
3578  openat(AT_FDCWD, "/proc/1947/stat", O_RDONLY) = 4
3578  read(4, "1947 (colord) S 1 1947 1947 0 -1"..., 1024) = 178
3578  close(4)                          = 0
3578  openat(AT_FDCWD, "/proc/1951/comm", O_RDONLY) = 4
3578  read(4, "blueman-applet\n", 1024) = 15
3578  close(4)                          = 0
3578  openat(AT_FDCWD, "/proc/1951/stat", O_RDONLY) = 4
3578  read(4, "1951 (blueman-applet) S 1718 171"..., 1024) = 292
3578  close(4)                          = 0
3578  openat(AT_FDCWD, "/proc/1954/comm", O_RDONLY) = 4
3578  read(4, "xfce4-notifyd\n", 1024)  = 14
3578  close(4)                          = 0
3578  openat(AT_FDCWD, "/proc/1954/stat", O_RDONLY) = 4
3578  read(4, "1954 (xfce4-notifyd) S 1673 1954"..., 1024) = 316
3578  close(4)                          = 0
3578  openat(AT_FDCWD, "/proc/1970/comm", O_RDONLY) = 4
3578  read(4, "polkit-mate-aut\n", 1024) = 16
3578  close(4)                          = 0
3578  openat(AT_FDCWD, "/proc/1970/stat", O_RDONLY) = 4
3578  read(4, "1970 (polkit-mate-aut) S 1718 17"..., 1024) = 318
3578  close(4)                          = 0
3578  openat(AT_FDCWD, "/proc/2036/comm", O_RDONLY) = 4
3578  read(4, "wrapper-2.0\n", 1024)    = 12
3578  close(4)                          = 0
3578  openat(AT_FDCWD, "/proc/2036/stat", O_RDONLY) = 4
3578  read(4, "2036 (wrapper-2.0) S 1906 1718 1"..., 1024) = 317
3578  close(4)                          = 0
3578  openat(AT_FDCWD, "/proc/2038/comm", O_RDONLY) = 4
3578  read(4, "wrapper-2.0\n", 1024)    = 12
3578  close(4)                          = 0
3578  openat(AT_FDCWD, "/proc/2038/stat", O_RDONLY) = 4
3578  read(4, "2038 (wrapper-2.0) S 1906 1718 1"..., 1024) = 314
3578  close(4)                          = 0
3578  openat(AT_FDCWD, "/proc/2039/comm", O_RDONLY) = 4
3578  read(4, "wrapper-2.0\n", 1024)    = 12
3578  close(4)                          = 0
3578  openat(AT_FDCWD, "/proc/2039/stat", O_RDONLY) = 4
3578  read(4, "2039 (wrapper-2.0) S 1906 1718 1"..., 1024) = 314
3578  close(4)                          = 0
3578  openat(AT_FDCWD, "/proc/2040/comm", O_RDONLY) = 4
3578  read(4, "wrapper-2.0\n", 1024)    = 12
3578  close(4)                          = 0
3578  openat(AT_FDCWD, "/proc/2040/stat", O_RDONLY) = 4
3578  read(4, "2040 (wrapper-2.0) S 1906 1718 1"..., 1024) = 316
3578  close(4)                          = 0
3578  openat(AT_FDCWD, "/proc/2041/comm", O_RDONLY) = 4
3578  read(4, "wrapper-2.0\n", 1024)    = 12
3578  close(4)                          = 0
3578  openat(AT_FDCWD, "/proc/2041/stat", O_RDONLY) = 4
3578  read(4, "2041 (wrapper-2.0) S 1906 1718 1"..., 1024) = 314
3578  close(4)                          = 0
3578  openat(AT_FDCWD, "/proc/2042/comm", O_RDONLY) = 4
3578  read(4, "wrapper-2.0\n", 1024)    = 12
3578  close(4)                          = 0
3578  openat(AT_FDCWD, "/proc/2042/stat", O_RDONLY) = 4
3578  read(4, "2042 (wrapper-2.0) S 1906 1718 1"..., 1024) = 317
3578  close(4)                          = 0
3578  openat(AT_FDCWD, "/proc/2043/comm", O_RDONLY) = 4
3578  read(4, "upowerd\n", 1024)        = 8
3578  close(4)                          = 0
3578  openat(AT_FDCWD, "/proc/2043/stat", O_RDONLY) = 4
3578  read(4, "2043 (upowerd) S 1 2043 2043 0 -"..., 1024) = 178
3578  close(4)                          = 0
3578  openat(AT_FDCWD, "/proc/2106/comm", O_RDONLY) = 4
3578  read(4, "wrapper-2.0\n", 1024)    = 12
3578  close(4)                          = 0
3578  openat(AT_FDCWD, "/proc/2106/stat", O_RDONLY) = 4
3578  read(4, "2106 (wrapper-2.0) S 1906 1718 1"..., 1024) = 314
3578  close(4)                          = 0
3578  openat(AT_FDCWD, "/proc/2127/comm", O_RDONLY) = 4
3578  read(4, "gvfs-udisks2-vo\n", 1024) = 16
3578  close(4)                          = 0
3578  openat(AT_FDCWD, "/proc/2127/stat", O_RDONLY) = 4
3578  read(4, "2127 (gvfs-udisks2-vo) S 1673 21"..., 1024) = 316
3578  close(4)                          = 0
3578  openat(AT_FDCWD, "/proc/2135/comm", O_RDONLY) = 4
3578  read(4, "udisksd\n", 1024)        = 8
3578  close(4)                          = 0
3578  openat(AT_FDCWD, "/proc/2135/stat", O_RDONLY) = 4
3578  read(4, "2135 (udisksd) S 1 2135 2135 0 -"..., 1024) = 172
3578  close(4)                          = 0
3578  openat(AT_FDCWD, "/proc/2150/comm", O_RDONLY) = 4
3578  read(4, "gvfs-gphoto2-vo\n", 1024) = 16
3578  close(4)                          = 0
3578  openat(AT_FDCWD, "/proc/2150/stat", O_RDONLY) = 4
3578  read(4, "2150 (gvfs-gphoto2-vo) S 1673 21"..., 1024) = 315
3578  close(4)                          = 0
3578  openat(AT_FDCWD, "/proc/2158/comm", O_RDONLY) = 4
3578  read(4, "gvfs-afc-volume\n", 1024) = 16
3578  close(4)                          = 0
3578  openat(AT_FDCWD, "/proc/2158/stat", O_RDONLY) = 4
3578  read(4, "2158 (gvfs-afc-volume) S 1673 21"..., 1024) = 318
3578  close(4)                          = 0
3578  openat(AT_FDCWD, "/proc/2166/comm", O_RDONLY) = 4
3578  read(4, "gvfs-goa-volume\n", 1024) = 16
3578  close(4)                          = 0
3578  openat(AT_FDCWD, "/proc/2166/stat", O_RDONLY) = 4
3578  read(4, "2166 (gvfs-goa-volume) S 1673 21"..., 1024) = 315
3578  close(4)                          = 0
3578  openat(AT_FDCWD, "/proc/2171/comm", O_RDONLY) = 4
3578  read(4, "gvfs-mtp-volume\n", 1024) = 16
3578  close(4)                          = 0
3578  openat(AT_FDCWD, "/proc/2171/stat", O_RDONLY) = 4
3578  read(4, "2171 (gvfs-mtp-volume) S 1673 21"..., 1024) = 315
3578  close(4)                          = 0
3578  openat(AT_FDCWD, "/proc/2180/comm", O_RDONLY) = 4
3578  read(4, "gvfsd-metadata\n", 1024) = 15
3578  close(4)                          = 0
3578  openat(AT_FDCWD, "/proc/2180/stat", O_RDONLY) = 4
3578  read(4, "2180 (gvfsd-metadata) S 1673 218"..., 1024) = 314
3578  close(4)                          = 0
3578  openat(AT_FDCWD, "/proc/2185/comm", O_RDONLY) = 4
3578  read(4, "gvfsd-trash\n", 1024)    = 12
3578  close(4)                          = 0
3578  openat(AT_FDCWD, "/proc/2185/stat", O_RDONLY) = 4
3578  read(4, "2185 (gvfsd-trash) S 1884 1884 1"..., 1024) = 314
3578  close(4)                          = 0
3578  openat(AT_FDCWD, "/proc/2198/comm", O_RDONLY) = 4
3578  read(4, "obexd\n", 1024)          = 6
3578  close(4)                          = 0
3578  openat(AT_FDCWD, "/proc/2198/stat", O_RDONLY) = 4
3578  read(4, "2198 (obexd) S 1673 2198 2198 0 "..., 1024) = 312
3578  close(4)                          = 0
3578  openat(AT_FDCWD, "/proc/2223/comm", O_RDONLY) = 4
3578  read(4, "qterminal\n", 1024)      = 10
3578  close(4)                          = 0
3578  openat(AT_FDCWD, "/proc/2223/stat", O_RDONLY) = 4
3578  read(4, "2223 (qterminal) S 1 1718 1718 0"..., 1024) = 320
3578  close(4)                          = 0
3578  openat(AT_FDCWD, "/proc/2225/comm", O_RDONLY) = 4
3578  read(4, "xdg-desktop-por\n", 1024) = 16
3578  close(4)                          = 0
3578  openat(AT_FDCWD, "/proc/2225/stat", O_RDONLY) = 4
3578  read(4, "2225 (xdg-desktop-por) S 1673 22"..., 1024) = 318
3578  close(4)                          = 0
3578  openat(AT_FDCWD, "/proc/2231/comm", O_RDONLY) = 4
3578  read(4, "xdg-permission-\n", 1024) = 16
3578  close(4)                          = 0
3578  openat(AT_FDCWD, "/proc/2231/stat", O_RDONLY) = 4
3578  read(4, "2231 (xdg-permission-) S 1673 22"..., 1024) = 315
3578  close(4)                          = 0
3578  openat(AT_FDCWD, "/proc/2240/comm", O_RDONLY) = 4
3578  read(4, "xdg-document-po\n", 1024) = 16
3578  close(4)                          = 0
3578  openat(AT_FDCWD, "/proc/2240/stat", O_RDONLY) = 4
3578  read(4, "2240 (xdg-document-po) S 1673 22"..., 1024) = 319
3578  close(4)                          = 0
3578  openat(AT_FDCWD, "/proc/2246/comm", O_RDONLY) = 4
3578  read(4, "fusermount3\n", 1024)    = 12
3578  close(4)                          = 0
3578  openat(AT_FDCWD, "/proc/2246/stat", O_RDONLY) = 4
3578  read(4, "2246 (fusermount3) S 2240 2246 2"..., 1024) = 181
3578  close(4)                          = 0
3578  openat(AT_FDCWD, "/proc/2251/comm", O_RDONLY) = 4
3578  read(4, "xdg-desktop-por\n", 1024) = 16
3578  close(4)                          = 0
3578  openat(AT_FDCWD, "/proc/2251/stat", O_RDONLY) = 4
3578  read(4, "2251 (xdg-desktop-por) S 1673 22"..., 1024) = 318
3578  close(4)                          = 0
3578  openat(AT_FDCWD, "/proc/2261/comm", O_RDONLY) = 4
3578  read(4, "zsh\n", 1024)            = 4
3578  close(4)                          = 0
3578  openat(AT_FDCWD, "/proc/2261/stat", O_RDONLY) = 4
3578  read(4, "2261 (zsh) S 2223 2261 2261 3481"..., 1024) = 338
3578  close(4)                          = 0
3578  openat(AT_FDCWD, "/proc/2376/comm", O_RDONLY) = 4
3578  read(4, "kworker/u10:1-events_unbound\n", 1024) = 29
3578  close(4)                          = 0
3578  openat(AT_FDCWD, "/proc/2376/stat", O_RDONLY) = 4
3578  read(4, "2376 (kworker/u10:1-events_unbou"..., 1024) = 179
3578  close(4)                          = 0
3578  openat(AT_FDCWD, "/proc/3011/comm", O_RDONLY) = 4
3578  read(4, "kworker/0:0-events\n", 1024) = 19
3578  close(4)                          = 0
3578  openat(AT_FDCWD, "/proc/3011/stat", O_RDONLY) = 4
3578  read(4, "3011 (kworker/0:0-events) I 2 0 "..., 1024) = 171
3578  close(4)                          = 0
3578  openat(AT_FDCWD, "/proc/3157/comm", O_RDONLY) = 4
3578  read(4, "kworker/u9:0-events_unbound\n", 1024) = 28
3578  close(4)                          = 0
3578  openat(AT_FDCWD, "/proc/3157/stat", O_RDONLY) = 4
3578  read(4, "3157 (kworker/u9:0-events_unboun"..., 1024) = 178
3578  close(4)                          = 0
3578  openat(AT_FDCWD, "/proc/3274/comm", O_RDONLY) = 4
3578  read(4, "kworker/u9:1-ext4-rsv-conversion"..., 1024) = 33
3578  close(4)                          = 0
3578  openat(AT_FDCWD, "/proc/3274/stat", O_RDONLY) = 4
3578  read(4, "3274 (kworker/u9:1-ext4-rsv-conv"..., 1024) = 183
3578  close(4)                          = 0
3578  openat(AT_FDCWD, "/proc/3468/comm", O_RDONLY) = 4
3578  read(4, "kworker/0:2-ata_sff\n", 1024) = 20
3578  close(4)                          = 0
3578  openat(AT_FDCWD, "/proc/3468/stat", O_RDONLY) = 4
3578  read(4, "3468 (kworker/0:2-ata_sff) I 2 0"..., 1024) = 171
3578  close(4)                          = 0
3578  openat(AT_FDCWD, "/proc/3534/comm", O_RDONLY) = 4
3578  read(4, "kworker/0:1-ata_sff\n", 1024) = 20
3578  close(4)                          = 0
3578  openat(AT_FDCWD, "/proc/3534/stat", O_RDONLY) = 4
3578  read(4, "3534 (kworker/0:1-ata_sff) I 2 0"..., 1024) = 171
3578  close(4)                          = 0
3578  openat(AT_FDCWD, "/proc/3576/comm", O_RDONLY) = 4
3578  read(4, "strace\n", 1024)         = 7
3578  close(4)                          = 0
3578  openat(AT_FDCWD, "/proc/3576/stat", O_RDONLY) = 4
3578  read(4, "3576 (strace) S 2261 3576 2261 3"..., 1024) = 321
3578  close(4)                          = 0
3578  openat(AT_FDCWD, "/proc/3578/comm", O_RDONLY) = 4
3578  read(4, "mypsx\n", 1024)          = 6
3578  close(4)                          = 0
3578  openat(AT_FDCWD, "/proc/3578/stat", O_RDONLY) = 4
3578  read(4, "3578 (mypsx) R 3576 3576 2261 34"..., 1024) = 305
3578  close(4)                          = 0
3578  close(3)                          = 0
3578  +++ exited with 0 +++
